<?xml version="1.0" encoding="UTF-8"?>
<testsuites tests="5" failures="0" disabled="0" errors="0" time="0.169" timestamp="2022-06-26T15:21:16" name="AllTests">
  <testsuite name="NLinkParser" tests="4" failures="0" disabled="0" errors="0" time="0.131" timestamp="2022-06-26T15:21:16">
    <testcase name="linktrack" status="run" result="completed" time="0.102" timestamp="2022-06-26T15:21:16" classname="NLinkParser" />
    <testcase name="tofsense" status="run" result="completed" time="0.009" timestamp="2022-06-26T15:21:16" classname="NLinkParser" />
    <testcase name="tofsensem" status="run" result="completed" time="0.012" timestamp="2022-06-26T15:21:16" classname="NLinkParser" />
    <testcase name="iot" status="run" result="completed" time="0.008" timestamp="2022-06-26T15:21:16" classname="NLinkParser" />
  </testsuite>
  <testsuite name="nlink_parser" tests="1" failures="0" disabled="0" errors="0" time="0.035" timestamp="2022-06-26T15:21:16">
    <testcase name="linktrack_aoa" status="run" result="completed" time="0.035" timestamp="2022-06-26T15:21:16" classname="nlink_parser" />
  </testsuite>
</testsuites>
